<?xml version="1.0" encoding="UTF-8"?>
<testsuite name="com.build.qa.build.selenium.tests.FergTest" time="23.647" tests="2" errors="1" skipped="0" failures="0">
  <properties>
[...]
</properties>
  <testcase name="searchForProductLandsOnCorrectProduct" classname="com.build.qa.build.selenium.tests.FergTest" time="14.394"/>
  <testcase name="addMultipleCartItemsAndChangeQuantity" classname="com.build.qa.build.selenium.tests.FergTest" time="9.253">
    <error message="Unable to locate element: //input[@value=&apos;Add to Cart&apos;]&#10;For documentation on this error, please visit: https://www.seleniumhq.org/exceptions/no_such_element.html&#10;Build info: version: &apos;3.141.59&apos;, revision: &apos;e82be7d358&apos;, time: &apos;2018-11-14T08:17:03&apos;&#10;System info: host: &apos;LAPTOP-RVB4JE09&apos;, ip: &apos;192.168.1.162&apos;, os.name: &apos;Windows 10&apos;, os.arch: &apos;amd64&apos;, os.version: &apos;10.0&apos;, java.version: &apos;17.0.1&apos;&#10;Driver info: org.openqa.selenium.firefox.FirefoxDriver&#10;Capabilities {acceptInsecureCerts: true, browserName: firefox, browserVersion: 102.0.1, javascriptEnabled: true, moz:accessibilityChecks: false, moz:buildID: 20220705093820, moz:geckodriverVersion: 0.31.0, moz:headless: false, moz:processID: 80172, moz:profile: C:\Users\msazz\AppData\Loca..., moz:shutdownTimeout: 60000, moz:useNonSpecCompliantPointerOrigin: false, moz:webdriverClick: true, moz:windowless: false, pageLoadStrategy: normal, platform: WINDOWS, platformName: WINDOWS, platformVersion: 10.0, proxy: Proxy(), setWindowRect: true, strictFileInteractability: false, timeouts: {implicit: 0, pageLoad: 300000, script: 30000}, unhandledPromptBehavior: dismiss and notify}&#10;Session ID: 65515cdc-035b-4a18-a90b-2b1972c1fd6c&#10;*** Element info: {Using=xpath, value=//input[@value=&apos;Add to Cart&apos;]}" type="org.openqa.selenium.NoSuchElementException">org.openqa.selenium.NoSuchElementException: Unable to locate element: //input[@value='Add to Cart']
For documentation on this error, please visit: https://www.seleniumhq.org/exceptions/no_such_element.html
Build info: version: '3.141.59', revision: 'e82be7d358', time: '2018-11-14T08:17:03'
System info: host: 'LAPTOP-RVB4JE09', ip: '192.168.1.162', os.name: 'Windows 10', os.arch: 'amd64', os.version: '10.0', java.version: '17.0.1'
Driver info: org.openqa.selenium.firefox.FirefoxDriver
Capabilities {acceptInsecureCerts: true, browserName: firefox, browserVersion: 102.0.1, javascriptEnabled: true, moz:accessibilityChecks: false, moz:buildID: 20220705093820, moz:geckodriverVersion: 0.31.0, moz:headless: false, moz:processID: 80172, moz:profile: C:\Users\msazz\AppData\Loca..., moz:shutdownTimeout: 60000, moz:useNonSpecCompliantPointerOrigin: false, moz:webdriverClick: true, moz:windowless: false, pageLoadStrategy: normal, platform: WINDOWS, platformName: WINDOWS, platformVersion: 10.0, proxy: Proxy(), setWindowRect: true, strictFileInteractability: false, timeouts: {implicit: 0, pageLoad: 300000, script: 30000}, unhandledPromptBehavior: dismiss and notify}
Session ID: 65515cdc-035b-4a18-a90b-2b1972c1fd6c
*** Element info: {Using=xpath, value=//input[@value='Add to Cart']}
	at java.base/jdk.internal.reflect.NativeConstructorAccessorImpl.newInstance0(Native Method)
	at java.base/jdk.internal.reflect.NativeConstructorAccessorImpl.newInstance(NativeConstructorAccessorImpl.java:77)
	at java.base/jdk.internal.reflect.DelegatingConstructorAccessorImpl.newInstance(DelegatingConstructorAccessorImpl.java:45)
	at java.base/java.lang.reflect.Constructor.newInstanceWithCaller(Constructor.java:499)
	at java.base/java.lang.reflect.Constructor.newInstance(Constructor.java:480)
	at org.openqa.selenium.remote.http.W3CHttpResponseCodec.createException(W3CHttpResponseCodec.java:187)
	at org.openqa.selenium.remote.http.W3CHttpResponseCodec.decode(W3CHttpResponseCodec.java:122)
	at org.openqa.selenium.remote.http.W3CHttpResponseCodec.decode(W3CHttpResponseCodec.java:49)
	at org.openqa.selenium.remote.HttpCommandExecutor.execute(HttpCommandExecutor.java:158)
	at org.openqa.selenium.remote.service.DriverCommandExecutor.execute(DriverCommandExecutor.java:83)
	at org.openqa.selenium.remote.RemoteWebDriver.execute(RemoteWebDriver.java:552)
	at org.openqa.selenium.remote.RemoteWebDriver.findElement(RemoteWebDriver.java:323)
	at org.openqa.selenium.remote.RemoteWebDriver.findElementByXPath(RemoteWebDriver.java:428)
	at org.openqa.selenium.By$ByXPath.findElement(By.java:353)
	at org.openqa.selenium.remote.RemoteWebDriver.findElement(RemoteWebDriver.java:315)
	at org.openqa.selenium.support.pagefactory.DefaultElementLocator.findElement(DefaultElementLocator.java:69)
	at org.openqa.selenium.support.pagefactory.internal.LocatingElementHandler.invoke(LocatingElementHandler.java:38)
	at jdk.proxy2/jdk.proxy2.$Proxy17.click(Unknown Source)
	at com.build.qa.build.selenium.pageobjects.AddToCartPage.clickingOnAddCartbtn(AddToCartPage.java:20)
	at com.build.qa.build.selenium.tests.FergTest.addMultipleCartItemsAndChangeQuantity(FergTest.java:91)
</error>
    <system-err><![CDATA[Jul 21, 2022 9:34:34 PM org.openqa.selenium.remote.DesiredCapabilities firefox
INFO: Using `new FirefoxOptions()` is preferred to `DesiredCapabilities.firefox()`
1658453674475	geckodriver	INFO	Listening on 127.0.0.1:26696
1658453674489	mozrunner::runner	INFO	Running command: "C:\\Program Files\\Mozilla Firefox\\firefox.exe" "--marionette" "-no-remote" "-profile" "C:\\Users\\msazz\\AppData\\Local\\Temp\\rust_mozprofilefasKYS"
1658453674911	Marionette	INFO	Marionette enabled
1658453674915	Marionette	INFO	Listening on port 53584
Read port: 53584
1658453675177	RemoteAgent	WARN	TLS certificate errors will be ignored for this session
console.warn: SearchSettings: "get: No settings file exists, new profile?" (new NotFoundError("Could not open the file at C:\\Users\\msazz\\AppData\\Local\\Temp\\rust_mozprofilefasKYS\\search.json.mozlz4", (void 0)))
Jul 21, 2022 9:34:36 PM org.openqa.selenium.remote.ProtocolHandshake createSession
INFO: Detected dialect: W3C
JavaScript error: https://script.crazyegg.com/pages/scripts/0028/7323.js, line 1: Error: CE: multiple userscripts installed
JavaScript warning: https://imgs.signifyd.com/fp/check.js;CIS3SID=E7F134617D942359F4B2586007B6587D?org_id=w2txo5aa&session_id=d09e4a88f7320ad3fe5b0df5cf29b14328a0cb5420b54c496ee573e1&nonce=f2e8c421ca4ed8fa&jb=36312e266a73677d3f556b6c646f7771246a736d3d576b6e666d757b27323033322e6a7360773d466b7267666f7a266271623d466b7065666f782d323031383a, line 79: WEBGL_debug_renderer_info is deprecated in Firefox and will be removed. Please use RENDERER.
1658453681947	Marionette	WARN	TimedPromise timed out after 500 ms: stacktrace:
TimedPromise/<@chrome://remote/content/marionette/sync.js:234:19
TimedPromise@chrome://remote/content/marionette/sync.js:219:10
interaction.flushEventLoop@chrome://remote/content/marionette/interaction.js:431:10
webdriverClickElement@chrome://remote/content/marionette/interaction.js:179:31
send@https://www.ferguson.com/wwwstatic/javascript/pages/config.js:1:85604
ajax@https://www.ferguson.com/wwwstatic/javascript/pages/config.js:1:83101
e.ajax@https://www.ferguson.com/wwwstatic/javascript/pages/config.js:1:93712
ajax@https://www.ferguson.com/wwwstatic/javascript/pages/config.js:1:230183
processByLoginStatus@https://www.ferguson.com/wwwstatic/javascript/pages/config.js:1:318100
recognizedModelByIds@https://www.ferguson.com/wwwstatic/javascript/pages/config.js:1:324460
init@https://www.ferguson.com/wwwstatic/javascript/pages/config.js:1:317434
@https://www.ferguson.com/wwwstatic/javascript/pages/plp.js?version=07172022040904:1:13154
u@https://www.ferguson.com/wwwstatic/javascript/pages/config.js:1:43189
Deferred/then/o/</h<@https://www.ferguson.com/wwwstatic/javascript/pages/config.js:1:43503
1658453682329	Marionette	WARN	Ignoring event 'pageshow' because document has an invalid readyState of 'uninitialized'.
1658453682475	Marionette	INFO	Stopped listening on port 53584
[Parent 80172, IPC I/O Parent] WARNING: file /builds/worker/checkouts/gecko/ipc/chromium/src/base/process_util_win.cc:167
[Parent 80172, IPC I/O Parent] WARNING: file /builds/worker/checkouts/gecko/ipc/chromium/src/base/process_util_win.cc:167
[Parent 80172, IPC I/O Parent] WARNING: file /builds/worker/checkouts/gecko/ipc/chromium/src/base/process_util_win.cc:167
]]></system-err>
  </testcase>
</testsuite>